{"/Users/milroyfraser/Code/Packages/Node/sarala/src/Model.js": {"path":"/Users/milroyfraser/Code/Packages/Node/sarala/src/Model.js","statementMap":{"0":{"start":{"line":6,"column":18},"end":{"line":6,"column":33}},"1":{"start":{"line":10,"column":8},"end":{"line":10,"column":47}},"2":{"start":{"line":11,"column":8},"end":{"line":11,"column":28}},"3":{"start":{"line":17,"column":8},"end":{"line":17,"column":18}},"4":{"start":{"line":21,"column":8},"end":{"line":21,"column":18}},"5":{"start":{"line":25,"column":8},"end":{"line":25,"column":18}},"6":{"start":{"line":29,"column":8},"end":{"line":29,"column":18}},"7":{"start":{"line":33,"column":8},"end":{"line":33,"column":20}},"8":{"start":{"line":37,"column":8},"end":{"line":37,"column":22}},"9":{"start":{"line":41,"column":8},"end":{"line":41,"column":34}},"10":{"start":{"line":51,"column":23},"end":{"line":54,"column":10}},"11":{"start":{"line":56,"column":8},"end":{"line":56,"column":43}},"12":{"start":{"line":60,"column":23},"end":{"line":63,"column":10}},"13":{"start":{"line":65,"column":8},"end":{"line":65,"column":43}},"14":{"start":{"line":69,"column":8},"end":{"line":69,"column":50}},"15":{"start":{"line":71,"column":23},"end":{"line":74,"column":10}},"16":{"start":{"line":76,"column":8},"end":{"line":76,"column":43}},"17":{"start":{"line":80,"column":8},"end":{"line":82,"column":9}},"18":{"start":{"line":81,"column":12},"end":{"line":81,"column":37}},"19":{"start":{"line":84,"column":8},"end":{"line":86,"column":9}},"20":{"start":{"line":85,"column":12},"end":{"line":85,"column":33}},"21":{"start":{"line":88,"column":8},"end":{"line":88,"column":29}},"22":{"start":{"line":92,"column":23},"end":{"line":96,"column":10}},"23":{"start":{"line":98,"column":8},"end":{"line":98,"column":43}},"24":{"start":{"line":102,"column":23},"end":{"line":106,"column":10}},"25":{"start":{"line":108,"column":8},"end":{"line":108,"column":43}},"26":{"start":{"line":112,"column":23},"end":{"line":115,"column":10}},"27":{"start":{"line":117,"column":8},"end":{"line":117,"column":43}},"28":{"start":{"line":121,"column":21},"end":{"line":124,"column":9}},"29":{"start":{"line":126,"column":8},"end":{"line":128,"column":9}},"30":{"start":{"line":127,"column":12},"end":{"line":127,"column":31}},"31":{"start":{"line":130,"column":23},"end":{"line":130,"column":49}},"32":{"start":{"line":132,"column":8},"end":{"line":132,"column":43}},"33":{"start":{"line":136,"column":23},"end":{"line":139,"column":10}},"34":{"start":{"line":141,"column":8},"end":{"line":141,"column":43}},"35":{"start":{"line":145,"column":21},"end":{"line":145,"column":62}},"36":{"start":{"line":147,"column":22},"end":{"line":151,"column":10}},"37":{"start":{"line":153,"column":8},"end":{"line":153,"column":42}},"38":{"start":{"line":159,"column":8},"end":{"line":159,"column":48}},"39":{"start":{"line":161,"column":8},"end":{"line":161,"column":20}},"40":{"start":{"line":167,"column":19},"end":{"line":167,"column":45}},"41":{"start":{"line":169,"column":8},"end":{"line":171,"column":9}},"42":{"start":{"line":170,"column":12},"end":{"line":170,"column":48}},"43":{"start":{"line":173,"column":8},"end":{"line":173,"column":38}},"44":{"start":{"line":177,"column":20},"end":{"line":177,"column":24}},"45":{"start":{"line":179,"column":8},"end":{"line":181,"column":11}},"46":{"start":{"line":180,"column":12},"end":{"line":180,"column":43}},"47":{"start":{"line":185,"column":8},"end":{"line":185,"column":34}},"48":{"start":{"line":189,"column":20},"end":{"line":189,"column":33}},"49":{"start":{"line":191,"column":8},"end":{"line":191,"column":27}},"50":{"start":{"line":192,"column":8},"end":{"line":192,"column":31}},"51":{"start":{"line":194,"column":8},"end":{"line":196,"column":9}},"52":{"start":{"line":195,"column":12},"end":{"line":195,"column":57}},"53":{"start":{"line":198,"column":8},"end":{"line":200,"column":9}},"54":{"start":{"line":199,"column":12},"end":{"line":199,"column":37}},"55":{"start":{"line":202,"column":8},"end":{"line":204,"column":11}},"56":{"start":{"line":203,"column":12},"end":{"line":203,"column":39}},"57":{"start":{"line":206,"column":8},"end":{"line":208,"column":11}},"58":{"start":{"line":207,"column":12},"end":{"line":207,"column":47}},"59":{"start":{"line":210,"column":22},"end":{"line":210,"column":26}},"60":{"start":{"line":212,"column":8},"end":{"line":224,"column":11}},"61":{"start":{"line":213,"column":27},"end":{"line":213,"column":62}},"62":{"start":{"line":215,"column":12},"end":{"line":217,"column":13}},"63":{"start":{"line":216,"column":16},"end":{"line":216,"column":129}},"64":{"start":{"line":219,"column":12},"end":{"line":223,"column":13}},"65":{"start":{"line":220,"column":16},"end":{"line":220,"column":85}},"66":{"start":{"line":222,"column":16},"end":{"line":222,"column":84}},"67":{"start":{"line":226,"column":8},"end":{"line":228,"column":11}},"68":{"start":{"line":227,"column":12},"end":{"line":227,"column":44}},"69":{"start":{"line":230,"column":8},"end":{"line":230,"column":21}},"70":{"start":{"line":236,"column":19},"end":{"line":236,"column":21}},"71":{"start":{"line":238,"column":8},"end":{"line":238,"column":26}},"72":{"start":{"line":239,"column":8},"end":{"line":239,"column":30}},"73":{"start":{"line":241,"column":8},"end":{"line":243,"column":9}},"74":{"start":{"line":242,"column":12},"end":{"line":242,"column":56}},"75":{"start":{"line":245,"column":8},"end":{"line":247,"column":11}},"76":{"start":{"line":246,"column":12},"end":{"line":246,"column":38}},"77":{"start":{"line":249,"column":8},"end":{"line":251,"column":11}},"78":{"start":{"line":250,"column":12},"end":{"line":250,"column":64}},"79":{"start":{"line":253,"column":20},"end":{"line":253,"column":24}},"80":{"start":{"line":255,"column":8},"end":{"line":270,"column":11}},"81":{"start":{"line":256,"column":12},"end":{"line":269,"column":13}},"82":{"start":{"line":257,"column":16},"end":{"line":268,"column":17}},"83":{"start":{"line":258,"column":20},"end":{"line":263,"column":22}},"84":{"start":{"line":261,"column":28},"end":{"line":261,"column":51}},"85":{"start":{"line":265,"column":20},"end":{"line":267,"column":22}},"86":{"start":{"line":272,"column":8},"end":{"line":272,"column":20}},"87":{"start":{"line":278,"column":8},"end":{"line":278,"column":59}},"88":{"start":{"line":282,"column":8},"end":{"line":282,"column":111}},"89":{"start":{"line":286,"column":8},"end":{"line":286,"column":43}},"90":{"start":{"line":290,"column":8},"end":{"line":290,"column":41}},"91":{"start":{"line":294,"column":21},"end":{"line":294,"column":40}},"92":{"start":{"line":296,"column":8},"end":{"line":298,"column":9}},"93":{"start":{"line":297,"column":12},"end":{"line":297,"column":191}}},"fnMap":{"0":{"name":"(anonymous_0)","decl":{"start":{"line":9,"column":4},"end":{"line":9,"column":5}},"loc":{"start":{"line":9,"column":19},"end":{"line":12,"column":5}},"line":9},"1":{"name":"(anonymous_1)","decl":{"start":{"line":16,"column":4},"end":{"line":16,"column":5}},"loc":{"start":{"line":16,"column":14},"end":{"line":18,"column":5}},"line":16},"2":{"name":"(anonymous_2)","decl":{"start":{"line":20,"column":4},"end":{"line":20,"column":5}},"loc":{"start":{"line":20,"column":13},"end":{"line":22,"column":5}},"line":20},"3":{"name":"(anonymous_3)","decl":{"start":{"line":24,"column":4},"end":{"line":24,"column":5}},"loc":{"start":{"line":24,"column":21},"end":{"line":26,"column":5}},"line":24},"4":{"name":"(anonymous_4)","decl":{"start":{"line":28,"column":4},"end":{"line":28,"column":5}},"loc":{"start":{"line":28,"column":16},"end":{"line":30,"column":5}},"line":28},"5":{"name":"(anonymous_5)","decl":{"start":{"line":32,"column":4},"end":{"line":32,"column":5}},"loc":{"start":{"line":32,"column":20},"end":{"line":34,"column":5}},"line":32},"6":{"name":"(anonymous_6)","decl":{"start":{"line":36,"column":4},"end":{"line":36,"column":5}},"loc":{"start":{"line":36,"column":15},"end":{"line":38,"column":5}},"line":36},"7":{"name":"(anonymous_7)","decl":{"start":{"line":40,"column":4},"end":{"line":40,"column":5}},"loc":{"start":{"line":40,"column":18},"end":{"line":42,"column":5}},"line":40},"8":{"name":"(anonymous_8)","decl":{"start":{"line":44,"column":4},"end":{"line":44,"column":5}},"loc":{"start":{"line":44,"column":27},"end":{"line":46,"column":5}},"line":44},"9":{"name":"(anonymous_9)","decl":{"start":{"line":50,"column":4},"end":{"line":50,"column":5}},"loc":{"start":{"line":50,"column":20},"end":{"line":57,"column":5}},"line":50},"10":{"name":"(anonymous_10)","decl":{"start":{"line":59,"column":4},"end":{"line":59,"column":5}},"loc":{"start":{"line":59,"column":17},"end":{"line":66,"column":5}},"line":59},"11":{"name":"(anonymous_11)","decl":{"start":{"line":68,"column":4},"end":{"line":68,"column":5}},"loc":{"start":{"line":68,"column":49},"end":{"line":77,"column":5}},"line":68},"12":{"name":"(anonymous_12)","decl":{"start":{"line":79,"column":4},"end":{"line":79,"column":5}},"loc":{"start":{"line":79,"column":41},"end":{"line":89,"column":5}},"line":79},"13":{"name":"(anonymous_13)","decl":{"start":{"line":91,"column":4},"end":{"line":91,"column":5}},"loc":{"start":{"line":91,"column":20},"end":{"line":99,"column":5}},"line":91},"14":{"name":"(anonymous_14)","decl":{"start":{"line":101,"column":4},"end":{"line":101,"column":5}},"loc":{"start":{"line":101,"column":20},"end":{"line":109,"column":5}},"line":101},"15":{"name":"(anonymous_15)","decl":{"start":{"line":111,"column":4},"end":{"line":111,"column":5}},"loc":{"start":{"line":111,"column":14},"end":{"line":118,"column":5}},"line":111},"16":{"name":"(anonymous_16)","decl":{"start":{"line":120,"column":4},"end":{"line":120,"column":5}},"loc":{"start":{"line":120,"column":38},"end":{"line":133,"column":5}},"line":120},"17":{"name":"(anonymous_17)","decl":{"start":{"line":135,"column":4},"end":{"line":135,"column":5}},"loc":{"start":{"line":135,"column":25},"end":{"line":142,"column":5}},"line":135},"18":{"name":"(anonymous_18)","decl":{"start":{"line":144,"column":4},"end":{"line":144,"column":5}},"loc":{"start":{"line":144,"column":30},"end":{"line":154,"column":5}},"line":144},"19":{"name":"(anonymous_19)","decl":{"start":{"line":158,"column":4},"end":{"line":158,"column":5}},"loc":{"start":{"line":158,"column":24},"end":{"line":162,"column":5}},"line":158},"20":{"name":"(anonymous_20)","decl":{"start":{"line":166,"column":4},"end":{"line":166,"column":5}},"loc":{"start":{"line":166,"column":23},"end":{"line":174,"column":5}},"line":166},"21":{"name":"(anonymous_21)","decl":{"start":{"line":176,"column":4},"end":{"line":176,"column":5}},"loc":{"start":{"line":176,"column":29},"end":{"line":182,"column":5}},"line":176},"22":{"name":"(anonymous_22)","decl":{"start":{"line":179,"column":32},"end":{"line":179,"column":33}},"loc":{"start":{"line":179,"column":40},"end":{"line":181,"column":9}},"line":179},"23":{"name":"(anonymous_23)","decl":{"start":{"line":184,"column":4},"end":{"line":184,"column":5}},"loc":{"start":{"line":184,"column":23},"end":{"line":186,"column":5}},"line":184},"24":{"name":"(anonymous_24)","decl":{"start":{"line":188,"column":4},"end":{"line":188,"column":5}},"loc":{"start":{"line":188,"column":19},"end":{"line":231,"column":5}},"line":188},"25":{"name":"(anonymous_25)","decl":{"start":{"line":202,"column":33},"end":{"line":202,"column":34}},"loc":{"start":{"line":202,"column":42},"end":{"line":204,"column":9}},"line":202},"26":{"name":"(anonymous_26)","decl":{"start":{"line":206,"column":32},"end":{"line":206,"column":33}},"loc":{"start":{"line":206,"column":41},"end":{"line":208,"column":9}},"line":206},"27":{"name":"(anonymous_27)","decl":{"start":{"line":212,"column":38},"end":{"line":212,"column":39}},"loc":{"start":{"line":212,"column":54},"end":{"line":224,"column":9}},"line":212},"28":{"name":"(anonymous_28)","decl":{"start":{"line":226,"column":35},"end":{"line":226,"column":36}},"loc":{"start":{"line":226,"column":57},"end":{"line":228,"column":9}},"line":226},"29":{"name":"(anonymous_29)","decl":{"start":{"line":235,"column":4},"end":{"line":235,"column":5}},"loc":{"start":{"line":235,"column":12},"end":{"line":273,"column":5}},"line":235},"30":{"name":"(anonymous_30)","decl":{"start":{"line":245,"column":33},"end":{"line":245,"column":34}},"loc":{"start":{"line":245,"column":42},"end":{"line":247,"column":9}},"line":245},"31":{"name":"(anonymous_31)","decl":{"start":{"line":249,"column":32},"end":{"line":249,"column":33}},"loc":{"start":{"line":249,"column":41},"end":{"line":251,"column":9}},"line":249},"32":{"name":"(anonymous_32)","decl":{"start":{"line":255,"column":41},"end":{"line":255,"column":42}},"loc":{"start":{"line":255,"column":66},"end":{"line":270,"column":9}},"line":255},"33":{"name":"(anonymous_33)","decl":{"start":{"line":260,"column":57},"end":{"line":260,"column":58}},"loc":{"start":{"line":260,"column":69},"end":{"line":262,"column":25}},"line":260},"34":{"name":"(anonymous_34)","decl":{"start":{"line":277,"column":4},"end":{"line":277,"column":5}},"loc":{"start":{"line":277,"column":19},"end":{"line":279,"column":5}},"line":277},"35":{"name":"(anonymous_35)","decl":{"start":{"line":281,"column":4},"end":{"line":281,"column":5}},"loc":{"start":{"line":281,"column":24},"end":{"line":283,"column":5}},"line":281},"36":{"name":"(anonymous_36)","decl":{"start":{"line":285,"column":4},"end":{"line":285,"column":5}},"loc":{"start":{"line":285,"column":23},"end":{"line":287,"column":5}},"line":285},"37":{"name":"(anonymous_37)","decl":{"start":{"line":289,"column":4},"end":{"line":289,"column":5}},"loc":{"start":{"line":289,"column":21},"end":{"line":291,"column":5}},"line":289},"38":{"name":"(anonymous_38)","decl":{"start":{"line":293,"column":4},"end":{"line":293,"column":5}},"loc":{"start":{"line":293,"column":20},"end":{"line":299,"column":5}},"line":293}},"branchMap":{"0":{"loc":{"start":{"line":68,"column":20},"end":{"line":68,"column":34}},"type":"default-arg","locations":[{"start":{"line":68,"column":30},"end":{"line":68,"column":34}}],"line":68},"1":{"loc":{"start":{"line":68,"column":36},"end":{"line":68,"column":47}},"type":"default-arg","locations":[{"start":{"line":68,"column":43},"end":{"line":68,"column":47}}],"line":68},"2":{"loc":{"start":{"line":79,"column":16},"end":{"line":79,"column":25}},"type":"default-arg","locations":[{"start":{"line":79,"column":23},"end":{"line":79,"column":25}}],"line":79},"3":{"loc":{"start":{"line":79,"column":27},"end":{"line":79,"column":39}},"type":"default-arg","locations":[{"start":{"line":79,"column":35},"end":{"line":79,"column":39}}],"line":79},"4":{"loc":{"start":{"line":80,"column":8},"end":{"line":82,"column":9}},"type":"if","locations":[{"start":{"line":80,"column":8},"end":{"line":82,"column":9}},{"start":{"line":80,"column":8},"end":{"line":82,"column":9}}],"line":80},"5":{"loc":{"start":{"line":80,"column":12},"end":{"line":80,"column":97}},"type":"binary-expr","locations":[{"start":{"line":80,"column":12},"end":{"line":80,"column":37}},{"start":{"line":80,"column":41},"end":{"line":80,"column":66}},{"start":{"line":80,"column":70},"end":{"line":80,"column":97}}],"line":80},"6":{"loc":{"start":{"line":84,"column":8},"end":{"line":86,"column":9}},"type":"if","locations":[{"start":{"line":84,"column":8},"end":{"line":86,"column":9}},{"start":{"line":84,"column":8},"end":{"line":86,"column":9}}],"line":84},"7":{"loc":{"start":{"line":120,"column":25},"end":{"line":120,"column":36}},"type":"default-arg","locations":[{"start":{"line":120,"column":32},"end":{"line":120,"column":36}}],"line":120},"8":{"loc":{"start":{"line":126,"column":8},"end":{"line":128,"column":9}},"type":"if","locations":[{"start":{"line":126,"column":8},"end":{"line":128,"column":9}},{"start":{"line":126,"column":8},"end":{"line":128,"column":9}}],"line":126},"9":{"loc":{"start":{"line":169,"column":8},"end":{"line":171,"column":9}},"type":"if","locations":[{"start":{"line":169,"column":8},"end":{"line":171,"column":9}},{"start":{"line":169,"column":8},"end":{"line":171,"column":9}}],"line":169},"10":{"loc":{"start":{"line":194,"column":8},"end":{"line":196,"column":9}},"type":"if","locations":[{"start":{"line":194,"column":8},"end":{"line":196,"column":9}},{"start":{"line":194,"column":8},"end":{"line":196,"column":9}}],"line":194},"11":{"loc":{"start":{"line":198,"column":8},"end":{"line":200,"column":9}},"type":"if","locations":[{"start":{"line":198,"column":8},"end":{"line":200,"column":9}},{"start":{"line":198,"column":8},"end":{"line":200,"column":9}}],"line":198},"12":{"loc":{"start":{"line":215,"column":12},"end":{"line":217,"column":13}},"type":"if","locations":[{"start":{"line":215,"column":12},"end":{"line":217,"column":13}},{"start":{"line":215,"column":12},"end":{"line":217,"column":13}}],"line":215},"13":{"loc":{"start":{"line":219,"column":12},"end":{"line":223,"column":13}},"type":"if","locations":[{"start":{"line":219,"column":12},"end":{"line":223,"column":13}},{"start":{"line":219,"column":12},"end":{"line":223,"column":13}}],"line":219},"14":{"loc":{"start":{"line":241,"column":8},"end":{"line":243,"column":9}},"type":"if","locations":[{"start":{"line":241,"column":8},"end":{"line":243,"column":9}},{"start":{"line":241,"column":8},"end":{"line":243,"column":9}}],"line":241},"15":{"loc":{"start":{"line":256,"column":12},"end":{"line":269,"column":13}},"type":"if","locations":[{"start":{"line":256,"column":12},"end":{"line":269,"column":13}},{"start":{"line":256,"column":12},"end":{"line":269,"column":13}}],"line":256},"16":{"loc":{"start":{"line":257,"column":16},"end":{"line":268,"column":17}},"type":"if","locations":[{"start":{"line":257,"column":16},"end":{"line":268,"column":17}},{"start":{"line":257,"column":16},"end":{"line":268,"column":17}}],"line":257},"17":{"loc":{"start":{"line":282,"column":15},"end":{"line":282,"column":110}},"type":"binary-expr","locations":[{"start":{"line":282,"column":15},"end":{"line":282,"column":53}},{"start":{"line":282,"column":57},"end":{"line":282,"column":86}},{"start":{"line":282,"column":90},"end":{"line":282,"column":110}}],"line":282},"18":{"loc":{"start":{"line":296,"column":8},"end":{"line":298,"column":9}},"type":"if","locations":[{"start":{"line":296,"column":8},"end":{"line":298,"column":9}},{"start":{"line":296,"column":8},"end":{"line":298,"column":9}}],"line":296},"19":{"loc":{"start":{"line":296,"column":12},"end":{"line":296,"column":67}},"type":"binary-expr","locations":[{"start":{"line":296,"column":12},"end":{"line":296,"column":25}},{"start":{"line":296,"column":29},"end":{"line":296,"column":46}},{"start":{"line":296,"column":50},"end":{"line":296,"column":67}}],"line":296}},"s":{"0":1,"1":2,"2":2,"3":1,"4":1,"5":1,"6":1,"7":1,"8":0,"9":1,"10":0,"11":0,"12":0,"13":0,"14":0,"15":0,"16":0,"17":0,"18":0,"19":0,"20":0,"21":0,"22":0,"23":0,"24":0,"25":0,"26":0,"27":0,"28":0,"29":0,"30":0,"31":0,"32":0,"33":0,"34":0,"35":0,"36":0,"37":0,"38":0,"39":0,"40":0,"41":0,"42":0,"43":0,"44":0,"45":0,"46":0,"47":0,"48":0,"49":0,"50":0,"51":0,"52":0,"53":0,"54":0,"55":0,"56":0,"57":0,"58":0,"59":0,"60":0,"61":0,"62":0,"63":0,"64":0,"65":0,"66":0,"67":0,"68":0,"69":0,"70":0,"71":0,"72":0,"73":0,"74":0,"75":0,"76":0,"77":0,"78":0,"79":0,"80":0,"81":0,"82":0,"83":0,"84":0,"85":0,"86":0,"87":0,"88":0,"89":0,"90":0,"91":2,"92":2,"93":1},"f":{"0":2,"1":1,"2":1,"3":1,"4":1,"5":1,"6":0,"7":1,"8":0,"9":0,"10":0,"11":0,"12":0,"13":0,"14":0,"15":0,"16":0,"17":0,"18":0,"19":0,"20":0,"21":0,"22":0,"23":0,"24":0,"25":0,"26":0,"27":0,"28":0,"29":0,"30":0,"31":0,"32":0,"33":0,"34":0,"35":0,"36":0,"37":0,"38":2},"b":{"0":[0],"1":[0],"2":[0],"3":[0],"4":[0,0],"5":[0,0,0],"6":[0,0],"7":[0],"8":[0,0],"9":[0,0],"10":[0,0],"11":[0,0],"12":[0,0],"13":[0,0],"14":[0,0],"15":[0,0],"16":[0,0],"17":[0,0,0],"18":[1,1],"19":[2,1,1]},"_coverageSchema":"332fd63041d2c1bcb487cc26dd0d5f7d97098a6c","hash":"8f5d28b3bb8e48e24d9f1f4e82f2e897cb119240"}
,"/Users/milroyfraser/Code/Packages/Node/sarala/src/QueryBuilder.js": {"path":"/Users/milroyfraser/Code/Packages/Node/sarala/src/QueryBuilder.js","statementMap":{"0":{"start":{"line":5,"column":8},"end":{"line":5,"column":27}},"1":{"start":{"line":6,"column":8},"end":{"line":6,"column":29}},"2":{"start":{"line":10,"column":8},"end":{"line":12,"column":9}},"3":{"start":{"line":11,"column":12},"end":{"line":11,"column":45}},"4":{"start":{"line":16,"column":8},"end":{"line":19,"column":10}},"5":{"start":{"line":23,"column":20},"end":{"line":23,"column":22}},"6":{"start":{"line":25,"column":8},"end":{"line":27,"column":9}},"7":{"start":{"line":26,"column":12},"end":{"line":26,"column":58}},"8":{"start":{"line":29,"column":8},"end":{"line":37,"column":9}},"9":{"start":{"line":30,"column":28},"end":{"line":30,"column":103}},"10":{"start":{"line":32,"column":12},"end":{"line":34,"column":13}},"11":{"start":{"line":33,"column":16},"end":{"line":33,"column":44}},"12":{"start":{"line":36,"column":12},"end":{"line":36,"column":31}},"13":{"start":{"line":39,"column":8},"end":{"line":41,"column":9}},"14":{"start":{"line":40,"column":12},"end":{"line":40,"column":32}},"15":{"start":{"line":43,"column":8},"end":{"line":43,"column":21}}},"fnMap":{"0":{"name":"(anonymous_0)","decl":{"start":{"line":4,"column":4},"end":{"line":4,"column":5}},"loc":{"start":{"line":4,"column":19},"end":{"line":7,"column":5}},"line":4},"1":{"name":"(anonymous_1)","decl":{"start":{"line":9,"column":4},"end":{"line":9,"column":5}},"loc":{"start":{"line":9,"column":27},"end":{"line":13,"column":5}},"line":9},"2":{"name":"(anonymous_2)","decl":{"start":{"line":15,"column":4},"end":{"line":15,"column":5}},"loc":{"start":{"line":15,"column":38},"end":{"line":20,"column":5}},"line":15},"3":{"name":"(anonymous_3)","decl":{"start":{"line":22,"column":4},"end":{"line":22,"column":5}},"loc":{"start":{"line":22,"column":16},"end":{"line":44,"column":5}},"line":22}},"branchMap":{"0":{"loc":{"start":{"line":10,"column":8},"end":{"line":12,"column":9}},"type":"if","locations":[{"start":{"line":10,"column":8},"end":{"line":12,"column":9}},{"start":{"line":10,"column":8},"end":{"line":12,"column":9}}],"line":10},"1":{"loc":{"start":{"line":15,"column":14},"end":{"line":15,"column":26}},"type":"default-arg","locations":[{"start":{"line":15,"column":24},"end":{"line":15,"column":26}}],"line":15},"2":{"loc":{"start":{"line":15,"column":28},"end":{"line":15,"column":36}},"type":"default-arg","locations":[{"start":{"line":15,"column":35},"end":{"line":15,"column":36}}],"line":15},"3":{"loc":{"start":{"line":25,"column":8},"end":{"line":27,"column":9}},"type":"if","locations":[{"start":{"line":25,"column":8},"end":{"line":27,"column":9}},{"start":{"line":25,"column":8},"end":{"line":27,"column":9}}],"line":25},"4":{"loc":{"start":{"line":29,"column":8},"end":{"line":37,"column":9}},"type":"if","locations":[{"start":{"line":29,"column":8},"end":{"line":37,"column":9}},{"start":{"line":29,"column":8},"end":{"line":37,"column":9}}],"line":29},"5":{"loc":{"start":{"line":32,"column":12},"end":{"line":34,"column":13}},"type":"if","locations":[{"start":{"line":32,"column":12},"end":{"line":34,"column":13}},{"start":{"line":32,"column":12},"end":{"line":34,"column":13}}],"line":32},"6":{"loc":{"start":{"line":39,"column":8},"end":{"line":41,"column":9}},"type":"if","locations":[{"start":{"line":39,"column":8},"end":{"line":41,"column":9}},{"start":{"line":39,"column":8},"end":{"line":41,"column":9}}],"line":39}},"s":{"0":2,"1":2,"2":0,"3":0,"4":0,"5":0,"6":0,"7":0,"8":0,"9":0,"10":0,"11":0,"12":0,"13":0,"14":0,"15":0},"f":{"0":2,"1":0,"2":0,"3":0},"b":{"0":[0,0],"1":[0],"2":[0],"3":[0,0],"4":[0,0],"5":[0,0],"6":[0,0]},"_coverageSchema":"332fd63041d2c1bcb487cc26dd0d5f7d97098a6c","hash":"984e3cd25e0c627cf50d37fcef403a67707e9ac0"}
}
