TN:
SF:/Users/milroyfraser/Code/Packages/Node/sarala/src/Model.js
FN:9,(anonymous_0)
FN:16,(anonymous_1)
FN:20,(anonymous_2)
FN:24,(anonymous_3)
FN:28,(anonymous_4)
FN:32,(anonymous_5)
FN:36,(anonymous_6)
FN:40,(anonymous_7)
FN:44,(anonymous_8)
FN:50,(anonymous_9)
FN:59,(anonymous_10)
FN:68,(anonymous_11)
FN:79,(anonymous_12)
FN:91,(anonymous_13)
FN:101,(anonymous_14)
FN:111,(anonymous_15)
FN:120,(anonymous_16)
FN:135,(anonymous_17)
FN:144,(anonymous_18)
FN:158,(anonymous_19)
FN:166,(anonymous_20)
FN:176,(anonymous_21)
FN:179,(anonymous_22)
FN:184,(anonymous_23)
FN:188,(anonymous_24)
FN:202,(anonymous_25)
FN:206,(anonymous_26)
FN:212,(anonymous_27)
FN:226,(anonymous_28)
FN:235,(anonymous_29)
FN:245,(anonymous_30)
FN:249,(anonymous_31)
FN:255,(anonymous_32)
FN:260,(anonymous_33)
FN:277,(anonymous_34)
FN:281,(anonymous_35)
FN:285,(anonymous_36)
FN:289,(anonymous_37)
FN:293,(anonymous_38)
FNF:39
FNH:8
FNDA:2,(anonymous_0)
FNDA:1,(anonymous_1)
FNDA:1,(anonymous_2)
FNDA:1,(anonymous_3)
FNDA:1,(anonymous_4)
FNDA:1,(anonymous_5)
FNDA:0,(anonymous_6)
FNDA:1,(anonymous_7)
FNDA:0,(anonymous_8)
FNDA:0,(anonymous_9)
FNDA:0,(anonymous_10)
FNDA:0,(anonymous_11)
FNDA:0,(anonymous_12)
FNDA:0,(anonymous_13)
FNDA:0,(anonymous_14)
FNDA:0,(anonymous_15)
FNDA:0,(anonymous_16)
FNDA:0,(anonymous_17)
FNDA:0,(anonymous_18)
FNDA:0,(anonymous_19)
FNDA:0,(anonymous_20)
FNDA:0,(anonymous_21)
FNDA:0,(anonymous_22)
FNDA:0,(anonymous_23)
FNDA:0,(anonymous_24)
FNDA:0,(anonymous_25)
FNDA:0,(anonymous_26)
FNDA:0,(anonymous_27)
FNDA:0,(anonymous_28)
FNDA:0,(anonymous_29)
FNDA:0,(anonymous_30)
FNDA:0,(anonymous_31)
FNDA:0,(anonymous_32)
FNDA:0,(anonymous_33)
FNDA:0,(anonymous_34)
FNDA:0,(anonymous_35)
FNDA:0,(anonymous_36)
FNDA:0,(anonymous_37)
FNDA:2,(anonymous_38)
DA:6,1
DA:10,2
DA:11,2
DA:17,1
DA:21,1
DA:25,1
DA:29,1
DA:33,1
DA:37,0
DA:41,1
DA:51,0
DA:56,0
DA:60,0
DA:65,0
DA:69,0
DA:71,0
DA:76,0
DA:80,0
DA:81,0
DA:84,0
DA:85,0
DA:88,0
DA:92,0
DA:98,0
DA:102,0
DA:108,0
DA:112,0
DA:117,0
DA:121,0
DA:126,0
DA:127,0
DA:130,0
DA:132,0
DA:136,0
DA:141,0
DA:145,0
DA:147,0
DA:153,0
DA:159,0
DA:161,0
DA:167,0
DA:169,0
DA:170,0
DA:173,0
DA:177,0
DA:179,0
DA:180,0
DA:185,0
DA:189,0
DA:191,0
DA:192,0
DA:194,0
DA:195,0
DA:198,0
DA:199,0
DA:202,0
DA:203,0
DA:206,0
DA:207,0
DA:210,0
DA:212,0
DA:213,0
DA:215,0
DA:216,0
DA:219,0
DA:220,0
DA:222,0
DA:226,0
DA:227,0
DA:230,0
DA:236,0
DA:238,0
DA:239,0
DA:241,0
DA:242,0
DA:245,0
DA:246,0
DA:249,0
DA:250,0
DA:253,0
DA:255,0
DA:256,0
DA:257,0
DA:258,0
DA:261,0
DA:265,0
DA:272,0
DA:278,0
DA:282,0
DA:286,0
DA:290,0
DA:294,2
DA:296,2
DA:297,1
LF:94
LH:12
BRDA:68,0,0,0
BRDA:68,1,0,0
BRDA:79,2,0,0
BRDA:79,3,0,0
BRDA:80,4,0,0
BRDA:80,4,1,0
BRDA:80,5,0,0
BRDA:80,5,1,0
BRDA:80,5,2,0
BRDA:84,6,0,0
BRDA:84,6,1,0
BRDA:120,7,0,0
BRDA:126,8,0,0
BRDA:126,8,1,0
BRDA:169,9,0,0
BRDA:169,9,1,0
BRDA:194,10,0,0
BRDA:194,10,1,0
BRDA:198,11,0,0
BRDA:198,11,1,0
BRDA:215,12,0,0
BRDA:215,12,1,0
BRDA:219,13,0,0
BRDA:219,13,1,0
BRDA:241,14,0,0
BRDA:241,14,1,0
BRDA:256,15,0,0
BRDA:256,15,1,0
BRDA:257,16,0,0
BRDA:257,16,1,0
BRDA:282,17,0,0
BRDA:282,17,1,0
BRDA:282,17,2,0
BRDA:296,18,0,1
BRDA:296,18,1,1
BRDA:296,19,0,2
BRDA:296,19,1,1
BRDA:296,19,2,1
BRF:38
BRH:5
end_of_record
TN:
SF:/Users/milroyfraser/Code/Packages/Node/sarala/src/QueryBuilder.js
FN:4,(anonymous_0)
FN:9,(anonymous_1)
FN:15,(anonymous_2)
FN:22,(anonymous_3)
FNF:4
FNH:1
FNDA:2,(anonymous_0)
FNDA:0,(anonymous_1)
FNDA:0,(anonymous_2)
FNDA:0,(anonymous_3)
DA:5,2
DA:6,2
DA:10,0
DA:11,0
DA:16,0
DA:23,0
DA:25,0
DA:26,0
DA:29,0
DA:30,0
DA:32,0
DA:33,0
DA:36,0
DA:39,0
DA:40,0
DA:43,0
LF:16
LH:2
BRDA:10,0,0,0
BRDA:10,0,1,0
BRDA:15,1,0,0
BRDA:15,2,0,0
BRDA:25,3,0,0
BRDA:25,3,1,0
BRDA:29,4,0,0
BRDA:29,4,1,0
BRDA:32,5,0,0
BRDA:32,5,1,0
BRDA:39,6,0,0
BRDA:39,6,1,0
BRF:12
BRH:0
end_of_record
